// null 1.2.0.RELEASE log opened at 2020-09-30 09:34:58
app register --uri file://root/scdf/event-generator-test-0.0.1-SNAPSHOT.jar --type source --name nc-event-generator
app register --uri file://root/scdf/event-settings-step-0.0.1-SNAPSHOT.jar --type processor --name nc-event-settings-step
app register --uri file://root/scdf/event-persist-step-0.0.1-SNAPSHOT.jar --type sink --name nc-event-persist-step
stream create --definition "nc-event-generator | nc-event-settings-step | nc-event-persist-step" --name notif-center
stream deploy --name notif-center
// null 1.2.0.RELEASE log opened at 2020-09-30 10:52:32
app register --uri file://root/scdf/event-generator-test-0.0.1-SNAPSHOT.jar --type source --name nc-event-generator
app register --uri file://root/scdf/event-settings-step-0.0.1-SNAPSHOT.jar --type processor --name nc-event-settings-step
app register --uri file://root/scdf/event-persist-step-0.0.1-SNAPSHOT.jar --type sink --name nc-event-persist-step
stream create --definition "nc-event-generator | nc-event-settings-step | nc-event-persist-step" --name notif-center
stream deploy --name notif-center
// null 1.2.0.RELEASE log opened at 2020-09-30 11:05:01
app register --uri file://root/scdf/event-generator-test-0.0.1-SNAPSHOT.jar --type source --name nc-event-generator
app register --uri file://root/scdf/event-settings-step-0.0.1-SNAPSHOT.jar --type processor --name nc-event-settings-step
app register --uri file://root/scdf/event-persist-step-0.0.1-SNAPSHOT.jar --type sink --name nc-event-persist-step
stream create --definition "nc-event-generator | nc-event-settings-step | nc-event-persist-step" --name notif-center
stream deploy --name notif-center
// null 1.2.0.RELEASE log opened at 2020-09-30 11:58:48
// [failed] app register --uri file://root/scdf/event-generator-test-0.0.1-SNAPSHOT.jar --type source --name nc-event-generator
// null 1.2.0.RELEASE log opened at 2020-09-30 11:59:35
app register --uri file://root/scdf/event-generator-test-0.0.1-SNAPSHOT.jar --type source --name nc-event-generator
app register --uri file://root/scdf/event-settings-step-0.0.1-SNAPSHOT.jar --type processor --name nc-event-settings-step
app register --uri file://root/scdf/event-persist-step-0.0.1-SNAPSHOT.jar --type sink --name nc-event-persist-step
stream create --definition "nc-event-generator | nc-event-settings-step | nc-event-persist-step" --name notif-center
stream deploy --name notif-center
